0 info it worked if it ends with ok
1 verbose cli [ 'C:\\Program Files\\nodejs\\node.exe',
1 verbose cli   'C:\\Program Files\\nodejs\\node_modules\\npm\\bin\\npm-cli.js',
1 verbose cli   'run',
1 verbose cli   'start' ]
2 info using npm@3.10.10
3 info using node@v6.11.2
4 verbose run-script [ 'prestart', 'start', 'poststart' ]
5 info lifecycle duckr@1.0.0~prestart: duckr@1.0.0
6 silly lifecycle duckr@1.0.0~prestart: no script for prestart, continuing
7 info lifecycle duckr@1.0.0~start: duckr@1.0.0
8 verbose lifecycle duckr@1.0.0~start: unsafe-perm in lifecycle true
9 verbose lifecycle duckr@1.0.0~start: PATH: C:\Program Files\nodejs\node_modules\npm\bin\node-gyp-bin;C:\Users\Toyeeb\duckr\node_modules\.bin;C:\Program Files\Git\cmd;C:\ProgramData\Oracle\Java\javapath;C:\Program Files\Common Files\Microsoft Shared\Windows Live;C:\Program Files (x86)\Common Files\Microsoft Shared\Windows Live;C:\windows\system32;C:\windows;C:\windows\System32\Wbem;C:\windows\System32\WindowsPowerShell\v1.0\;C:\Program Files (x86)\EgisTec BioExcess\x64;C:\Program Files (x86)\EgisTec BioExcess\;C:\Program Files (x86)\EgisTec Port Locker\x64;C:\Program Files (x86)\EgisTec Port Locker\;C:\Program Files (x86)\Windows Live\Shared;C:\Program Files (x86)\RemObjects Software\Elements\bin;C:\Users\Toyeeb\AppData\Roaming\npm;C:\Program Files (x86)\Brackets\command;C:\Users\Toyeeb\nodechef-cli;C:\Program Files (x86)\Skype\Phone\;C:\ProgramData\chocolatey\bin;C:\Program Files\Git\cmd;C:\Program Files\MySQL\MySQL Utilities 1.6\;C:\Program Files\nodejs\;C:\Users\Toyeeb\AppData\Local\.meteor\;C:\Users\Toyeeb\AppData\Local\atom\bin;C:\Program Files (x86)\Microsoft VS Code\bin;C:\Users\Toyeeb\AppData\Roaming\npm
10 verbose lifecycle duckr@1.0.0~start: CWD: C:\Users\Toyeeb\duckr
11 silly lifecycle duckr@1.0.0~start: Args: [ '/d /s /c', 'webpack-dev-server' ]
12 silly lifecycle duckr@1.0.0~start: Returned: code: 1  signal: null
13 info lifecycle duckr@1.0.0~start: Failed to exec start script
14 verbose stack Error: duckr@1.0.0 start: `webpack-dev-server`
14 verbose stack Exit status 1
14 verbose stack     at EventEmitter.<anonymous> (C:\Program Files\nodejs\node_modules\npm\lib\utils\lifecycle.js:255:16)
14 verbose stack     at emitTwo (events.js:106:13)
14 verbose stack     at EventEmitter.emit (events.js:191:7)
14 verbose stack     at ChildProcess.<anonymous> (C:\Program Files\nodejs\node_modules\npm\lib\utils\spawn.js:40:14)
14 verbose stack     at emitTwo (events.js:106:13)
14 verbose stack     at ChildProcess.emit (events.js:191:7)
14 verbose stack     at maybeClose (internal/child_process.js:891:16)
14 verbose stack     at Process.ChildProcess._handle.onexit (internal/child_process.js:226:5)
15 verbose pkgid duckr@1.0.0
16 verbose cwd C:\Users\Toyeeb\duckr
17 error Windows_NT 6.1.7601
18 error argv "C:\\Program Files\\nodejs\\node.exe" "C:\\Program Files\\nodejs\\node_modules\\npm\\bin\\npm-cli.js" "run" "start"
19 error node v6.11.2
20 error npm  v3.10.10
21 error code ELIFECYCLE
22 error duckr@1.0.0 start: `webpack-dev-server`
22 error Exit status 1
23 error Failed at the duckr@1.0.0 start script 'webpack-dev-server'.
23 error Make sure you have the latest version of node.js and npm installed.
23 error If you do, this is most likely a problem with the duckr package,
23 error not with npm itself.
23 error Tell the author that this fails on your system:
23 error     webpack-dev-server
23 error You can get information on how to open an issue for this project with:
23 error     npm bugs duckr
23 error Or if that isn't available, you can get their info via:
23 error     npm owner ls duckr
23 error There is likely additional logging output above.
24 verbose exit [ 1, true ]
